<?xml version="1.0" encoding="UTF-8"?>
<!-- Generated by org.testng.reporters.JUnitReportReporter -->
<testsuite hostname="DESKTOP-NA2JSR3" failures="0" tests="1" name="runner.Runner" time="0.184" errors="0" timestamp="2024-07-18T14:21:36 IST" skipped="0">
  <testcase classname="runner.Runner" name="runScenario" time="0.184"/>
</testsuite> <!-- runner.Runner -->
